<?xml version="1.0" encoding="UTF-8"?>
<robot generator="Robot 7.3.2 (Python 3.13.5 on win32)" generated="2025-08-28T15:27:14.284553" rpa="false" schemaversion="5">
<suite id="s1" name="testDemo6" source="C:\RobotFramework\Test\testDemo6.robot">
<test id="s1-t1" name="End to end ecommerce Product validation" line="33">
<kw name="Open The Browser With The Mortgage Payment Url1" owner="Generic" type="SETUP">
<kw name="Open Browser" owner="SeleniumLibrary">
<msg time="2025-08-28T15:27:14.709130" level="INFO">Opening browser 'chrome' to base url 'https://rahulshettyacademy.com/loginpagePractise/'.</msg>
<arg>${url}</arg>
<arg>chrome</arg>
<doc>Opens a new browser instance to the optional ``url``.</doc>
<status status="PASS" start="2025-08-28T15:27:14.708899" elapsed="1.993551"/>
</kw>
<kw name="Maximize Browser Window" owner="SeleniumLibrary">
<doc>Maximizes current browser window.</doc>
<status status="PASS" start="2025-08-28T15:27:16.702672" elapsed="0.047988"/>
</kw>
<status status="PASS" start="2025-08-28T15:27:14.708061" elapsed="2.042750"/>
</kw>
<kw name="Fill the login Form" owner="LandingPage">
<kw name="Input Text" owner="SeleniumLibrary">
<msg time="2025-08-28T15:27:16.752184" level="INFO">Typing text 'rahulshettyacademy' into text field 'id:username'.</msg>
<arg>id:username</arg>
<arg>${username}</arg>
<doc>Types the given ``text`` into the text field identified by ``locator``.</doc>
<status status="PASS" start="2025-08-28T15:27:16.751442" elapsed="0.134267"/>
</kw>
<kw name="Input Password" owner="SeleniumLibrary">
<msg time="2025-08-28T15:27:16.886182" level="INFO">Typing password into text field 'id:password'.</msg>
<msg time="2025-08-28T15:27:16.922505" level="INFO">Temporally setting log level to: NONE</msg>
<arg>id:password</arg>
<arg>${password}</arg>
<doc>Types the given password into the text field identified by ``locator``.</doc>
<status status="PASS" start="2025-08-28T15:27:16.885917" elapsed="0.102339"/>
</kw>
<kw name="Click Button" owner="SeleniumLibrary">
<msg time="2025-08-28T15:27:16.988552" level="INFO">Clicking button 'signInBtn'.</msg>
<arg>signInBtn</arg>
<doc>Clicks the button identified by ``locator``.</doc>
<status status="PASS" start="2025-08-28T15:27:16.988416" elapsed="0.076859"/>
</kw>
<arg>${user_name}</arg>
<arg>${valid_password}</arg>
<status status="PASS" start="2025-08-28T15:27:16.751056" elapsed="0.314411"/>
</kw>
<kw name="wait until Element is located in the page" owner="ShopPage">
<kw name="Wait Until element passed is located on Page" owner="Generic">
<kw name="Wait Until Element Is Visible" owner="SeleniumLibrary">
<arg>${page_locator}</arg>
<arg>timeout=10</arg>
<doc>Waits until the element ``locator`` is visible.</doc>
<status status="PASS" start="2025-08-28T15:27:17.066212" elapsed="3.228386"/>
</kw>
<arg>${Shop_page_load}</arg>
<status status="PASS" start="2025-08-28T15:27:17.065954" elapsed="3.228753"/>
</kw>
<status status="PASS" start="2025-08-28T15:27:17.065673" elapsed="3.229089"/>
</kw>
<kw name="Verify Card titles in the Shop page" owner="ShopPage">
<kw name="Create List" owner="BuiltIn">
<msg time="2025-08-28T15:27:20.295330" level="INFO">@{expectedList} = [ iphone X | Samsung Note 8 | Nokia Edge | Blackberry ]</msg>
<var>@{expectedList}</var>
<arg>iphone X</arg>
<arg>Samsung Note 8</arg>
<arg>Nokia Edge</arg>
<arg>Blackberry</arg>
<doc>Returns a list containing given items.</doc>
<status status="PASS" start="2025-08-28T15:27:20.295165" elapsed="0.000189"/>
</kw>
<kw name="Get WebElements" owner="SeleniumLibrary">
<msg time="2025-08-28T15:27:20.303711" level="INFO">${elements} = [&lt;selenium.webdriver.remote.webelement.WebElement (session="e287af72dc2761aaa5a311129640cb1f", element="f.AE95BE3CE3877E61EE6B52ACEE0589AA.d.D70E43E1E3A0827BA49784EA9972468C.e.293")&gt;, &lt;selenium.webdri...</msg>
<var>${elements}</var>
<arg>css:.card-title</arg>
<doc>Returns a list of WebElement objects matching the ``locator``.</doc>
<status status="PASS" start="2025-08-28T15:27:20.295443" elapsed="0.008306"/>
</kw>
<kw name="Create List" owner="BuiltIn">
<msg time="2025-08-28T15:27:20.303989" level="INFO">@{actualList} = [ ]</msg>
<var>@{actualList}</var>
<doc>Returns a list containing given items.</doc>
<status status="PASS" start="2025-08-28T15:27:20.303874" elapsed="0.000133"/>
</kw>
<for flavor="IN">
<iter>
<kw name="Log" owner="BuiltIn">
<msg time="2025-08-28T15:27:20.315507" level="INFO">iphone X</msg>
<arg>${element.text}</arg>
<doc>Logs the given message with the given level.</doc>
<status status="PASS" start="2025-08-28T15:27:20.304255" elapsed="0.011327"/>
</kw>
<kw name="Append To List" owner="Collections">
<arg>${actualList}</arg>
<arg>${element.text}</arg>
<doc>Adds ``values`` to the end of ``list``.</doc>
<status status="PASS" start="2025-08-28T15:27:20.315750" elapsed="0.007058"/>
</kw>
<var name="${element}">&lt;selenium.webdriver.remote.webelement.WebElement (session="e287af72dc2761aaa5a311129640cb1f", element="f.AE95BE3CE3877E61EE6B52ACEE0589AA.d.D70E43E1E3A0827BA49784EA9972468C.e.293")&gt;</var>
<status status="PASS" start="2025-08-28T15:27:20.304182" elapsed="0.018688"/>
</iter>
<iter>
<kw name="Log" owner="BuiltIn">
<msg time="2025-08-28T15:27:20.330432" level="INFO">Samsung Note 8</msg>
<arg>${element.text}</arg>
<doc>Logs the given message with the given level.</doc>
<status status="PASS" start="2025-08-28T15:27:20.323086" elapsed="0.007402"/>
</kw>
<kw name="Append To List" owner="Collections">
<arg>${actualList}</arg>
<arg>${element.text}</arg>
<doc>Adds ``values`` to the end of ``list``.</doc>
<status status="PASS" start="2025-08-28T15:27:20.330614" elapsed="0.006496"/>
</kw>
<var name="${element}">&lt;selenium.webdriver.remote.webelement.WebElement (session="e287af72dc2761aaa5a311129640cb1f", element="f.AE95BE3CE3877E61EE6B52ACEE0589AA.d.D70E43E1E3A0827BA49784EA9972468C.e.306")&gt;</var>
<status status="PASS" start="2025-08-28T15:27:20.322995" elapsed="0.014177"/>
</iter>
<iter>
<kw name="Log" owner="BuiltIn">
<msg time="2025-08-28T15:27:20.344426" level="INFO">Nokia Edge</msg>
<arg>${element.text}</arg>
<doc>Logs the given message with the given level.</doc>
<status status="PASS" start="2025-08-28T15:27:20.337376" elapsed="0.007146"/>
</kw>
<kw name="Append To List" owner="Collections">
<arg>${actualList}</arg>
<arg>${element.text}</arg>
<doc>Adds ``values`` to the end of ``list``.</doc>
<status status="PASS" start="2025-08-28T15:27:20.344713" elapsed="0.005622"/>
</kw>
<var name="${element}">&lt;selenium.webdriver.remote.webelement.WebElement (session="e287af72dc2761aaa5a311129640cb1f", element="f.AE95BE3CE3877E61EE6B52ACEE0589AA.d.D70E43E1E3A0827BA49784EA9972468C.e.319")&gt;</var>
<status status="PASS" start="2025-08-28T15:27:20.337283" elapsed="0.013115"/>
</iter>
<iter>
<kw name="Log" owner="BuiltIn">
<msg time="2025-08-28T15:27:20.355624" level="INFO">Blackberry</msg>
<arg>${element.text}</arg>
<doc>Logs the given message with the given level.</doc>
<status status="PASS" start="2025-08-28T15:27:20.350592" elapsed="0.005079"/>
</kw>
<kw name="Append To List" owner="Collections">
<arg>${actualList}</arg>
<arg>${element.text}</arg>
<doc>Adds ``values`` to the end of ``list``.</doc>
<status status="PASS" start="2025-08-28T15:27:20.355770" elapsed="0.006089"/>
</kw>
<var name="${element}">&lt;selenium.webdriver.remote.webelement.WebElement (session="e287af72dc2761aaa5a311129640cb1f", element="f.AE95BE3CE3877E61EE6B52ACEE0589AA.d.D70E43E1E3A0827BA49784EA9972468C.e.332")&gt;</var>
<status status="PASS" start="2025-08-28T15:27:20.350503" elapsed="0.011432"/>
</iter>
<var>${element}</var>
<value>@{elements}</value>
<status status="PASS" start="2025-08-28T15:27:20.304058" elapsed="0.057917"/>
</for>
<kw name="Lists Should Be Equal" owner="Collections">
<arg>${expectedList}</arg>
<arg>${actualList}</arg>
<doc>Fails if given lists are unequal.</doc>
<status status="PASS" start="2025-08-28T15:27:20.362104" elapsed="0.000172"/>
</kw>
<status status="PASS" start="2025-08-28T15:27:20.294956" elapsed="0.067375"/>
</kw>
<kw name="Add Items To Cart And Checkout" owner="Shop">
<msg time="2025-08-28T15:27:20.383952" level="INFO">Clicking button 'xpath:(//*[@class='card-footer'])[3]/button'.</msg>
<msg time="2025-08-28T15:27:20.457222" level="INFO">Clicking button 'xpath:(//*[@class='card-footer'])[4]/button'.</msg>
<msg time="2025-08-28T15:27:20.516664" level="INFO">Clicking link 'css:li.active a'.</msg>
<arg>${listofProducts}</arg>
<status status="PASS" start="2025-08-28T15:27:20.362406" elapsed="0.204137"/>
</kw>
<kw name="Verify items in the Checkout Page and proceed" owner="CheckoutPage">
<kw name="Click Element" owner="SeleniumLibrary">
<msg time="2025-08-28T15:27:20.567056" level="INFO">Clicking element 'css:.btn-success'.</msg>
<msg time="2025-08-28T15:27:20.680281" level="INFO" html="true">&lt;/td&gt;&lt;/tr&gt;&lt;tr&gt;&lt;td colspan="3"&gt;&lt;a href="selenium-screenshot-5.png"&gt;&lt;img src="selenium-screenshot-5.png" width="800px"&gt;&lt;/a&gt;</msg>
<msg time="2025-08-28T15:27:20.680447" level="FAIL">Element with locator 'css:.btn-success' not found.</msg>
<arg>css:.btn-success</arg>
<doc>Click the element identified by ``locator``.</doc>
<status status="FAIL" start="2025-08-28T15:27:20.566930" elapsed="0.118943">Element with locator 'css:.btn-success' not found.</status>
</kw>
<status status="FAIL" start="2025-08-28T15:27:20.566725" elapsed="0.119279">Element with locator 'css:.btn-success' not found.</status>
</kw>
<kw name="Enter the Country and select the terms" owner="ConfirmationPage">
<arg>${country_name}</arg>
<status status="NOT RUN" start="2025-08-28T15:27:20.686154" elapsed="0.000029"/>
</kw>
<kw name="Purchase the Product and Confirm the Purchase" owner="ConfirmationPage">
<status status="NOT RUN" start="2025-08-28T15:27:20.686271" elapsed="0.000018"/>
</kw>
<kw name="Close Browser session" owner="Generic" type="TEARDOWN">
<kw name="Close Browser" owner="SeleniumLibrary">
<doc>Closes the current browser.</doc>
<status status="PASS" start="2025-08-28T15:27:20.686584" elapsed="2.158215"/>
</kw>
<status status="PASS" start="2025-08-28T15:27:20.686430" elapsed="2.158471"/>
</kw>
<tag>REGRESSION</tag>
<status status="FAIL" start="2025-08-28T15:27:14.707592" elapsed="8.137367">Element with locator 'css:.btn-success' not found.</status>
</test>
<doc>To validate the Login form</doc>
<status status="FAIL" start="2025-08-28T15:27:14.286143" elapsed="8.559225"/>
</suite>
<statistics>
<total>
<stat pass="0" fail="1" skip="0">All Tests</stat>
</total>
<tag>
<stat pass="0" fail="1" skip="0">REGRESSION</stat>
</tag>
<suite>
<stat name="testDemo6" id="s1" pass="0" fail="1" skip="0">testDemo6</stat>
</suite>
</statistics>
<errors>
</errors>
</robot>
